# JRE version: OpenJDK Runtime Environment (8.0_242-b01) (build 1.8.0_242-release-1644-b01)
# Java VM: OpenJDK 64-Bit Server VM (25.242-b01 mixed mode windows-amd64 compressed oops)
Heap:
 PSYoungGen      total 76288K, used 27081K [0x00000000e0000000, 0x00000000e6480000, 0x0000000100000000)
  eden space 65536K, 28% used [0x00000000e0000000,0x00000000e11f3ed0,0x00000000e4000000)
  from space 10752K, 80% used [0x00000000e4000000,0x00000000e487e908,0x00000000e4a80000)
  to   space 10752K, 0% used [0x00000000e5a00000,0x00000000e5a00000,0x00000000e6480000)
 ParOldGen       total 116224K, used 4269K [0x00000000a0000000, 0x00000000a7180000, 0x00000000e0000000)
  object space 116224K, 3% used [0x00000000a0000000,0x00000000a042b660,0x00000000a7180000)
 Metaspace       used 18318K, capacity 18896K, committed 19200K, reserved 1067008K
  class space    used 2500K, capacity 2696K, committed 2816K, reserved 1048576K
GC Heap History (8 events):
Event: 1.161 GC heap before
{Heap before GC invocations=1 (full 0):
 PSYoungGen      total 76288K, used 35416K [0x00000000e0000000, 0x00000000e5500000, 0x0000000100000000)
  eden space 65536K, 54% used [0x00000000e0000000,0x00000000e2296118,0x00000000e4000000)
  from space 10752K, 0% used [0x00000000e4a80000,0x00000000e4a80000,0x00000000e5500000)
  to   space 10752K, 0% used [0x00000000e4000000,0x00000000e4000000,0x00000000e4a80000)
 ParOldGen       total 175104K, used 0K [0x00000000a0000000, 0x00000000aab00000, 0x00000000e0000000)
  object space 175104K, 0% used [0x00000000a0000000,0x00000000a0000000,0x00000000aab00000)
 Metaspace       used 7346K, capacity 7618K, committed 7680K, reserved 1060864K
  class space    used 902K, capacity 1006K, committed 1024K, reserved 1048576K
Event: 1.169 GC heap after
Heap after GC invocations=1 (full 0):
 PSYoungGen      total 76288K, used 4806K [0x00000000e0000000, 0x00000000e5500000, 0x0000000100000000)
  eden space 65536K, 0% used [0x00000000e0000000,0x00000000e0000000,0x00000000e4000000)
  from space 10752K, 44% used [0x00000000e4000000,0x00000000e44b1a48,0x00000000e4a80000)
  to   space 10752K, 0% used [0x00000000e4a80000,0x00000000e4a80000,0x00000000e5500000)
 ParOldGen       total 175104K, used 16K [0x00000000a0000000, 0x00000000aab00000, 0x00000000e0000000)
  object space 175104K, 0% used [0x00000000a0000000,0x00000000a0004000,0x00000000aab00000)
 Metaspace       used 7346K, capacity 7618K, committed 7680K, reserved 1060864K
  class space    used 902K, capacity 1006K, committed 1024K, reserved 1048576K
}
Event: 1.169 GC heap before
{Heap before GC invocations=2 (full 1):
 PSYoungGen      total 76288K, used 4806K [0x00000000e0000000, 0x00000000e5500000, 0x0000000100000000)
  eden space 65536K, 0% used [0x00000000e0000000,0x00000000e0000000,0x00000000e4000000)
  from space 10752K, 44% used [0x00000000e4000000,0x00000000e44b1a48,0x00000000e4a80000)
  to   space 10752K, 0% used [0x00000000e4a80000,0x00000000e4a80000,0x00000000e5500000)
 ParOldGen       total 175104K, used 16K [0x00000000a0000000, 0x00000000aab00000, 0x00000000e0000000)
  object space 175104K, 0% used [0x00000000a0000000,0x00000000a0004000,0x00000000aab00000)
 Metaspace       used 7346K, capacity 7618K, committed 7680K, reserved 1060864K
  class space    used 902K, capacity 1006K, committed 1024K, reserved 1048576K
Event: 1.186 GC heap after
Heap after GC invocations=2 (full 1):
 PSYoungGen      total 76288K, used 0K [0x00000000e0000000, 0x00000000e5500000, 0x0000000100000000)
  eden space 65536K, 0% used [0x00000000e0000000,0x00000000e0000000,0x00000000e4000000)
  from space 10752K, 0% used [0x00000000e4000000,0x00000000e4000000,0x00000000e4a80000)
  to   space 10752K, 0% used [0x00000000e4a80000,0x00000000e4a80000,0x00000000e5500000)
 ParOldGen       total 116224K, used 4253K [0x00000000a0000000, 0x00000000a7180000, 0x00000000e0000000)
  object space 116224K, 3% used [0x00000000a0000000,0x00000000a0427660,0x00000000a7180000)
 Metaspace       used 7346K, capacity 7618K, committed 7680K, reserved 1058816K
  class space    used 902K, capacity 1006K, committed 1024K, reserved 1048576K
}
Event: 2.189 GC heap before
{Heap before GC invocations=3 (full 1):
 PSYoungGen      total 76288K, used 65536K [0x00000000e0000000, 0x00000000e5500000, 0x0000000100000000)
  eden space 65536K, 100% used [0x00000000e0000000,0x00000000e4000000,0x00000000e4000000)
  from space 10752K, 0% used [0x00000000e4000000,0x00000000e4000000,0x00000000e4a80000)
  to   space 10752K, 0% used [0x00000000e4a80000,0x00000000e4a80000,0x00000000e5500000)
 ParOldGen       total 116224K, used 4253K [0x00000000a0000000, 0x00000000a7180000, 0x00000000e0000000)
  object space 116224K, 3% used [0x00000000a0000000,0x00000000a0427660,0x00000000a7180000)
 Metaspace       used 10051K, capacity 10410K, committed 10752K, reserved 1060864K
  class space    used 1336K, capacity 1449K, committed 1536K, reserved 1048576K
Event: 2.194 GC heap after
Heap after GC invocations=3 (full 1):
 PSYoungGen      total 76288K, used 4376K [0x00000000e0000000, 0x00000000e6680000, 0x0000000100000000)
  eden space 65536K, 0% used [0x00000000e0000000,0x00000000e0000000,0x00000000e4000000)
  from space 10752K, 40% used [0x00000000e4a80000,0x00000000e4ec6110,0x00000000e5500000)
  to   space 10752K, 0% used [0x00000000e4000000,0x00000000e4000000,0x00000000e4a80000)
 ParOldGen       total 116224K, used 4261K [0x00000000a0000000, 0x00000000a7180000, 0x00000000e0000000)
  object space 116224K, 3% used [0x00000000a0000000,0x00000000a0429660,0x00000000a7180000)
 Metaspace       used 10051K, capacity 10410K, committed 10752K, reserved 1060864K
  class space    used 1336K, capacity 1449K, committed 1536K, reserved 1048576K
}
Event: 4.750 GC heap before
{Heap before GC invocations=4 (full 1):
 PSYoungGen      total 76288K, used 69912K [0x00000000e0000000, 0x00000000e6680000, 0x0000000100000000)
  eden space 65536K, 100% used [0x00000000e0000000,0x00000000e4000000,0x00000000e4000000)
  from space 10752K, 40% used [0x00000000e4a80000,0x00000000e4ec6110,0x00000000e5500000)
  to   space 10752K, 0% used [0x00000000e4000000,0x00000000e4000000,0x00000000e4a80000)
 ParOldGen       total 116224K, used 4261K [0x00000000a0000000, 0x00000000a7180000, 0x00000000e0000000)
  object space 116224K, 3% used [0x00000000a0000000,0x00000000a0429660,0x00000000a7180000)
 Metaspace       used 16915K, capacity 17516K, committed 17920K, reserved 1067008K
  class space    used 2271K, capacity 2470K, committed 2560K, reserved 1048576K
Event: 4.758 GC heap after
Heap after GC invocations=4 (full 1):
 PSYoungGen      total 76288K, used 8698K [0x00000000e0000000, 0x00000000e6480000, 0x0000000100000000)
  eden space 65536K, 0% used [0x00000000e0000000,0x00000000e0000000,0x00000000e4000000)
  from space 10752K, 80% used [0x00000000e4000000,0x00000000e487e908,0x00000000e4a80000)
  to   space 10752K, 0% used [0x00000000e5a00000,0x00000000e5a00000,0x00000000e6480000)
 ParOldGen       total 116224K, used 4269K [0x00000000a0000000, 0x00000000a7180000, 0x00000000e0000000)
  object space 116224K, 3% used [0x00000000a0000000,0x00000000a042b660,0x00000000a7180000)
 Metaspace       used 16915K, capacity 17516K, committed 17920K, reserved 1067008K
  class space    used 2271K, capacity 2470K, committed 2560K, reserved 1048576K
}

