# JRE version: OpenJDK Runtime Environment (8.0_242-b01) (build 1.8.0_242-release-1644-b01)
# Java VM: OpenJDK 64-Bit Server VM (25.242-b01 mixed mode windows-amd64 compressed oops)
Heap:
 PSYoungGen      total 266752K, used 207645K [0x00000000e0000000, 0x00000000f2700000, 0x0000000100000000)
  eden space 245248K, 75% used [0x00000000e0000000,0x00000000eb5cb798,0x00000000eef80000)
  from space 21504K, 99% used [0x00000000f0b00000,0x00000000f1ffbd70,0x00000000f2000000)
  to   space 28160K, 0% used [0x00000000eef80000,0x00000000eef80000,0x00000000f0b00000)
 ParOldGen       total 210432K, used 44022K [0x00000000a0000000, 0x00000000acd80000, 0x00000000e0000000)
  object space 210432K, 20% used [0x00000000a0000000,0x00000000a2afd9b0,0x00000000acd80000)
 Metaspace       used 77704K, capacity 82622K, committed 82816K, reserved 1120256K
  class space    used 10475K, capacity 11317K, committed 11392K, reserved 1048576K
GC Heap History (10 events):
Event: 9.369 GC heap before
{Heap before GC invocations=11 (full 2):
 PSYoungGen      total 174080K, used 173889K [0x00000000e0000000, 0x00000000ecb80000, 0x0000000100000000)
  eden space 164352K, 100% used [0x00000000e0000000,0x00000000ea080000,0x00000000ea080000)
  from space 9728K, 98% used [0x00000000ec200000,0x00000000ecb504f0,0x00000000ecb80000)
  to   space 11776K, 0% used [0x00000000eb480000,0x00000000eb480000,0x00000000ec000000)
 ParOldGen       total 139264K, used 14959K [0x00000000a0000000, 0x00000000a8800000, 0x00000000e0000000)
  object space 139264K, 10% used [0x00000000a0000000,0x00000000a0e9bf90,0x00000000a8800000)
 Metaspace       used 53015K, capacity 55376K, committed 55552K, reserved 1097728K
  class space    used 7089K, capacity 7644K, committed 7680K, reserved 1048576K
Event: 9.392 GC heap after
Heap after GC invocations=11 (full 2):
 PSYoungGen      total 196608K, used 11772K [0x00000000e0000000, 0x00000000ef480000, 0x0000000100000000)
  eden space 184832K, 0% used [0x00000000e0000000,0x00000000e0000000,0x00000000eb480000)
  from space 11776K, 99% used [0x00000000eb480000,0x00000000ebfff320,0x00000000ec000000)
  to   space 18432K, 0% used [0x00000000ee280000,0x00000000ee280000,0x00000000ef480000)
 ParOldGen       total 139264K, used 28742K [0x00000000a0000000, 0x00000000a8800000, 0x00000000e0000000)
  object space 139264K, 20% used [0x00000000a0000000,0x00000000a1c11b78,0x00000000a8800000)
 Metaspace       used 53015K, capacity 55376K, committed 55552K, reserved 1097728K
  class space    used 7089K, capacity 7644K, committed 7680K, reserved 1048576K
}
Event: 9.869 GC heap before
{Heap before GC invocations=12 (full 2):
 PSYoungGen      total 196608K, used 52121K [0x00000000e0000000, 0x00000000ef480000, 0x0000000100000000)
  eden space 184832K, 21% used [0x00000000e0000000,0x00000000e2767250,0x00000000eb480000)
  from space 11776K, 99% used [0x00000000eb480000,0x00000000ebfff320,0x00000000ec000000)
  to   space 18432K, 0% used [0x00000000ee280000,0x00000000ee280000,0x00000000ef480000)
 ParOldGen       total 139264K, used 28742K [0x00000000a0000000, 0x00000000a8800000, 0x00000000e0000000)
  object space 139264K, 20% used [0x00000000a0000000,0x00000000a1c11b78,0x00000000a8800000)
 Metaspace       used 56418K, capacity 58922K, committed 59008K, reserved 1099776K
  class space    used 7694K, capacity 8258K, committed 8320K, reserved 1048576K
Event: 9.881 GC heap after
Heap after GC invocations=12 (full 2):
 PSYoungGen      total 230912K, used 16084K [0x00000000e0000000, 0x00000000f1300000, 0x0000000100000000)
  eden space 212480K, 0% used [0x00000000e0000000,0x00000000e0000000,0x00000000ecf80000)
  from space 18432K, 87% used [0x00000000ee280000,0x00000000ef235370,0x00000000ef480000)
  to   space 19456K, 0% used [0x00000000ecf80000,0x00000000ecf80000,0x00000000ee280000)
 ParOldGen       total 139264K, used 28750K [0x00000000a0000000, 0x00000000a8800000, 0x00000000e0000000)
  object space 139264K, 20% used [0x00000000a0000000,0x00000000a1c13b78,0x00000000a8800000)
 Metaspace       used 56418K, capacity 58922K, committed 59008K, reserved 1099776K
  class space    used 7694K, capacity 8258K, committed 8320K, reserved 1048576K
}
Event: 9.881 GC heap before
{Heap before GC invocations=13 (full 3):
 PSYoungGen      total 230912K, used 16084K [0x00000000e0000000, 0x00000000f1300000, 0x0000000100000000)
  eden space 212480K, 0% used [0x00000000e0000000,0x00000000e0000000,0x00000000ecf80000)
  from space 18432K, 87% used [0x00000000ee280000,0x00000000ef235370,0x00000000ef480000)
  to   space 19456K, 0% used [0x00000000ecf80000,0x00000000ecf80000,0x00000000ee280000)
 ParOldGen       total 139264K, used 28750K [0x00000000a0000000, 0x00000000a8800000, 0x00000000e0000000)
  object space 139264K, 20% used [0x00000000a0000000,0x00000000a1c13b78,0x00000000a8800000)
 Metaspace       used 56418K, capacity 58922K, committed 59008K, reserved 1099776K
  class space    used 7694K, capacity 8258K, committed 8320K, reserved 1048576K
Event: 10.149 GC heap after
Heap after GC invocations=13 (full 3):
 PSYoungGen      total 230912K, used 0K [0x00000000e0000000, 0x00000000f1300000, 0x0000000100000000)
  eden space 212480K, 0% used [0x00000000e0000000,0x00000000e0000000,0x00000000ecf80000)
  from space 18432K, 0% used [0x00000000ee280000,0x00000000ee280000,0x00000000ef480000)
  to   space 19456K, 0% used [0x00000000ecf80000,0x00000000ecf80000,0x00000000ee280000)
 ParOldGen       total 210432K, used 32761K [0x00000000a0000000, 0x00000000acd80000, 0x00000000e0000000)
  object space 210432K, 15% used [0x00000000a0000000,0x00000000a1ffe400,0x00000000acd80000)
 Metaspace       used 56332K, capacity 58628K, committed 59008K, reserved 1099776K
  class space    used 7667K, capacity 8209K, committed 8320K, reserved 1048576K
}
Event: 12.318 GC heap before
{Heap before GC invocations=14 (full 3):
 PSYoungGen      total 230912K, used 212480K [0x00000000e0000000, 0x00000000f1300000, 0x0000000100000000)
  eden space 212480K, 100% used [0x00000000e0000000,0x00000000ecf80000,0x00000000ecf80000)
  from space 18432K, 0% used [0x00000000ee280000,0x00000000ee280000,0x00000000ef480000)
  to   space 19456K, 0% used [0x00000000ecf80000,0x00000000ecf80000,0x00000000ee280000)
 ParOldGen       total 210432K, used 32761K [0x00000000a0000000, 0x00000000acd80000, 0x00000000e0000000)
  object space 210432K, 15% used [0x00000000a0000000,0x00000000a1ffe400,0x00000000acd80000)
 Metaspace       used 64841K, capacity 68818K, committed 69120K, reserved 1107968K
  class space    used 8923K, capacity 9652K, committed 9728K, reserved 1048576K
Event: 12.335 GC heap after
Heap after GC invocations=14 (full 3):
 PSYoungGen      total 231936K, used 18608K [0x00000000e0000000, 0x00000000f2000000, 0x0000000100000000)
  eden space 212480K, 0% used [0x00000000e0000000,0x00000000e0000000,0x00000000ecf80000)
  from space 19456K, 95% used [0x00000000ecf80000,0x00000000ee1ac348,0x00000000ee280000)
  to   space 21504K, 0% used [0x00000000f0b00000,0x00000000f0b00000,0x00000000f2000000)
 ParOldGen       total 210432K, used 32769K [0x00000000a0000000, 0x00000000acd80000, 0x00000000e0000000)
  object space 210432K, 15% used [0x00000000a0000000,0x00000000a2000400,0x00000000acd80000)
 Metaspace       used 64841K, capacity 68818K, committed 69120K, reserved 1107968K
  class space    used 8923K, capacity 9652K, committed 9728K, reserved 1048576K
}
Event: 19.041 GC heap before
{Heap before GC invocations=15 (full 3):
 PSYoungGen      total 231936K, used 231088K [0x00000000e0000000, 0x00000000f2000000, 0x0000000100000000)
  eden space 212480K, 100% used [0x00000000e0000000,0x00000000ecf80000,0x00000000ecf80000)
  from space 19456K, 95% used [0x00000000ecf80000,0x00000000ee1ac348,0x00000000ee280000)
  to   space 21504K, 0% used [0x00000000f0b00000,0x00000000f0b00000,0x00000000f2000000)
 ParOldGen       total 210432K, used 32769K [0x00000000a0000000, 0x00000000acd80000, 0x00000000e0000000)
  object space 210432K, 15% used [0x00000000a0000000,0x00000000a2000400,0x00000000acd80000)
 Metaspace       used 71800K, capacity 76342K, committed 76416K, reserved 1116160K
  class space    used 9787K, capacity 10618K, committed 10624K, reserved 1048576K
Event: 19.062 GC heap after
Heap after GC invocations=15 (full 3):
 PSYoungGen      total 266752K, used 21487K [0x00000000e0000000, 0x00000000f2700000, 0x0000000100000000)
  eden space 245248K, 0% used [0x00000000e0000000,0x00000000e0000000,0x00000000eef80000)
  from space 21504K, 99% used [0x00000000f0b00000,0x00000000f1ffbd70,0x00000000f2000000)
  to   space 28160K, 0% used [0x00000000eef80000,0x00000000eef80000,0x00000000f0b00000)
 ParOldGen       total 210432K, used 44022K [0x00000000a0000000, 0x00000000acd80000, 0x00000000e0000000)
  object space 210432K, 20% used [0x00000000a0000000,0x00000000a2afd9b0,0x00000000acd80000)
 Metaspace       used 71800K, capacity 76342K, committed 76416K, reserved 1116160K
  class space    used 9787K, capacity 10618K, committed 10624K, reserved 1048576K
}

