# JRE version: OpenJDK Runtime Environment (8.0_242-b01) (build 1.8.0_242-release-1644-b01)
# Java VM: OpenJDK 64-Bit Server VM (25.242-b01 mixed mode windows-amd64 compressed oops)
Heap:
 PSYoungGen      total 371712K, used 132689K [0x00000000e0000000, 0x00000000fb680000, 0x0000000100000000)
  eden space 346624K, 31% used [0x00000000e0000000,0x00000000e6a94238,0x00000000f5280000)
  from space 25088K, 93% used [0x00000000f5280000,0x00000000f6980388,0x00000000f6b00000)
  to   space 27648K, 0% used [0x00000000f9b80000,0x00000000f9b80000,0x00000000fb680000)
 ParOldGen       total 307712K, used 66937K [0x00000000a0000000, 0x00000000b2c80000, 0x00000000e0000000)
  object space 307712K, 21% used [0x00000000a0000000,0x00000000a415e6c0,0x00000000b2c80000)
 Metaspace       used 110228K, capacity 118834K, committed 118988K, reserved 1153024K
  class space    used 14689K, capacity 16348K, committed 16384K, reserved 1048576K
GC Heap History (10 events):
Event: 71.492 GC heap before
{Heap before GC invocations=17 (full 3):
 PSYoungGen      total 282112K, used 282086K [0x00000000e0000000, 0x00000000f5400000, 0x0000000100000000)
  eden space 259072K, 100% used [0x00000000e0000000,0x00000000efd00000,0x00000000efd00000)
  from space 23040K, 99% used [0x00000000efd00000,0x00000000f13798c0,0x00000000f1380000)
  to   space 27136K, 0% used [0x00000000f3980000,0x00000000f3980000,0x00000000f5400000)
 ParOldGen       total 204288K, used 48833K [0x00000000a0000000, 0x00000000ac780000, 0x00000000e0000000)
  object space 204288K, 23% used [0x00000000a0000000,0x00000000a2fb0450,0x00000000ac780000)
 Metaspace       used 92373K, capacity 97900K, committed 98136K, reserved 1134592K
  class space    used 12223K, capacity 13340K, committed 13440K, reserved 1048576K
Event: 71.512 GC heap after
Heap after GC invocations=17 (full 3):
 PSYoungGen      total 314880K, used 16056K [0x00000000e0000000, 0x00000000f5080000, 0x0000000100000000)
  eden space 291328K, 0% used [0x00000000e0000000,0x00000000e0000000,0x00000000f1c80000)
  from space 23552K, 68% used [0x00000000f3980000,0x00000000f492e158,0x00000000f5080000)
  to   space 26624K, 0% used [0x00000000f1c80000,0x00000000f1c80000,0x00000000f3680000)
 ParOldGen       total 204288K, used 68646K [0x00000000a0000000, 0x00000000ac780000, 0x00000000e0000000)
  object space 204288K, 33% used [0x00000000a0000000,0x00000000a4309bd8,0x00000000ac780000)
 Metaspace       used 92373K, capacity 97900K, committed 98136K, reserved 1134592K
  class space    used 12223K, capacity 13340K, committed 13440K, reserved 1048576K
}
Event: 71.693 GC heap before
{Heap before GC invocations=18 (full 3):
 PSYoungGen      total 314880K, used 47115K [0x00000000e0000000, 0x00000000f5080000, 0x0000000100000000)
  eden space 291328K, 10% used [0x00000000e0000000,0x00000000e1e54e98,0x00000000f1c80000)
  from space 23552K, 68% used [0x00000000f3980000,0x00000000f492e158,0x00000000f5080000)
  to   space 26624K, 0% used [0x00000000f1c80000,0x00000000f1c80000,0x00000000f3680000)
 ParOldGen       total 204288K, used 68646K [0x00000000a0000000, 0x00000000ac780000, 0x00000000e0000000)
  object space 204288K, 33% used [0x00000000a0000000,0x00000000a4309bd8,0x00000000ac780000)
 Metaspace       used 92764K, capacity 98340K, committed 98380K, reserved 1134592K
  class space    used 12280K, capacity 13402K, committed 13440K, reserved 1048576K
Event: 71.700 GC heap after
Heap after GC invocations=18 (full 3):
 PSYoungGen      total 317952K, used 13008K [0x00000000e0000000, 0x00000000f8400000, 0x0000000100000000)
  eden space 291328K, 0% used [0x00000000e0000000,0x00000000e0000000,0x00000000f1c80000)
  from space 26624K, 48% used [0x00000000f1c80000,0x00000000f29340c0,0x00000000f3680000)
  to   space 25600K, 0% used [0x00000000f6b00000,0x00000000f6b00000,0x00000000f8400000)
 ParOldGen       total 204288K, used 68654K [0x00000000a0000000, 0x00000000ac780000, 0x00000000e0000000)
  object space 204288K, 33% used [0x00000000a0000000,0x00000000a430bbd8,0x00000000ac780000)
 Metaspace       used 92764K, capacity 98340K, committed 98380K, reserved 1134592K
  class space    used 12280K, capacity 13402K, committed 13440K, reserved 1048576K
}
Event: 71.701 GC heap before
{Heap before GC invocations=19 (full 4):
 PSYoungGen      total 317952K, used 13008K [0x00000000e0000000, 0x00000000f8400000, 0x0000000100000000)
  eden space 291328K, 0% used [0x00000000e0000000,0x00000000e0000000,0x00000000f1c80000)
  from space 26624K, 48% used [0x00000000f1c80000,0x00000000f29340c0,0x00000000f3680000)
  to   space 25600K, 0% used [0x00000000f6b00000,0x00000000f6b00000,0x00000000f8400000)
 ParOldGen       total 204288K, used 68654K [0x00000000a0000000, 0x00000000ac780000, 0x00000000e0000000)
  object space 204288K, 33% used [0x00000000a0000000,0x00000000a430bbd8,0x00000000ac780000)
 Metaspace       used 92764K, capacity 98340K, committed 98380K, reserved 1134592K
  class space    used 12280K, capacity 13402K, committed 13440K, reserved 1048576K
Event: 71.986 GC heap after
Heap after GC invocations=19 (full 4):
 PSYoungGen      total 317952K, used 0K [0x00000000e0000000, 0x00000000f8400000, 0x0000000100000000)
  eden space 291328K, 0% used [0x00000000e0000000,0x00000000e0000000,0x00000000f1c80000)
  from space 26624K, 0% used [0x00000000f1c80000,0x00000000f1c80000,0x00000000f3680000)
  to   space 25600K, 0% used [0x00000000f6b00000,0x00000000f6b00000,0x00000000f8400000)
 ParOldGen       total 307712K, used 66897K [0x00000000a0000000, 0x00000000b2c80000, 0x00000000e0000000)
  object space 307712K, 21% used [0x00000000a0000000,0x00000000a41546c0,0x00000000b2c80000)
 Metaspace       used 92095K, capacity 96284K, committed 98380K, reserved 1134592K
  class space    used 12066K, capacity 13022K, committed 13440K, reserved 1048576K
}
Event: 77.063 GC heap before
{Heap before GC invocations=20 (full 4):
 PSYoungGen      total 317952K, used 291328K [0x00000000e0000000, 0x00000000f8400000, 0x0000000100000000)
  eden space 291328K, 100% used [0x00000000e0000000,0x00000000f1c80000,0x00000000f1c80000)
  from space 26624K, 0% used [0x00000000f1c80000,0x00000000f1c80000,0x00000000f3680000)
  to   space 25600K, 0% used [0x00000000f6b00000,0x00000000f6b00000,0x00000000f8400000)
 ParOldGen       total 307712K, used 66897K [0x00000000a0000000, 0x00000000b2c80000, 0x00000000e0000000)
  object space 307712K, 21% used [0x00000000a0000000,0x00000000a41546c0,0x00000000b2c80000)
 Metaspace       used 99631K, capacity 104078K, committed 106060K, reserved 1140736K
  class space    used 12813K, capacity 13814K, committed 14208K, reserved 1048576K
Event: 77.091 GC heap after
Heap after GC invocations=20 (full 4):
 PSYoungGen      total 372224K, used 15157K [0x00000000e0000000, 0x00000000f8580000, 0x0000000100000000)
  eden space 346624K, 0% used [0x00000000e0000000,0x00000000e0000000,0x00000000f5280000)
  from space 25600K, 59% used [0x00000000f6b00000,0x00000000f79cd548,0x00000000f8400000)
  to   space 25088K, 0% used [0x00000000f5280000,0x00000000f5280000,0x00000000f6b00000)
 ParOldGen       total 307712K, used 66913K [0x00000000a0000000, 0x00000000b2c80000, 0x00000000e0000000)
  object space 307712K, 21% used [0x00000000a0000000,0x00000000a41586c0,0x00000000b2c80000)
 Metaspace       used 99631K, capacity 104078K, committed 106060K, reserved 1140736K
  class space    used 12813K, capacity 13814K, committed 14208K, reserved 1048576K
}
Event: 78.420 GC heap before
{Heap before GC invocations=21 (full 4):
 PSYoungGen      total 372224K, used 361781K [0x00000000e0000000, 0x00000000f8580000, 0x0000000100000000)
  eden space 346624K, 100% used [0x00000000e0000000,0x00000000f5280000,0x00000000f5280000)
  from space 25600K, 59% used [0x00000000f6b00000,0x00000000f79cd548,0x00000000f8400000)
  to   space 25088K, 0% used [0x00000000f5280000,0x00000000f5280000,0x00000000f6b00000)
 ParOldGen       total 307712K, used 66913K [0x00000000a0000000, 0x00000000b2c80000, 0x00000000e0000000)
  object space 307712K, 21% used [0x00000000a0000000,0x00000000a41586c0,0x00000000b2c80000)
 Metaspace       used 109724K, capacity 118206K, committed 118476K, reserved 1150976K
  class space    used 14651K, capacity 16292K, committed 16384K, reserved 1048576K
Event: 78.441 GC heap after
Heap after GC invocations=21 (full 4):
 PSYoungGen      total 371712K, used 23552K [0x00000000e0000000, 0x00000000fb680000, 0x0000000100000000)
  eden space 346624K, 0% used [0x00000000e0000000,0x00000000e0000000,0x00000000f5280000)
  from space 25088K, 93% used [0x00000000f5280000,0x00000000f6980388,0x00000000f6b00000)
  to   space 27648K, 0% used [0x00000000f9b80000,0x00000000f9b80000,0x00000000fb680000)
 ParOldGen       total 307712K, used 66937K [0x00000000a0000000, 0x00000000b2c80000, 0x00000000e0000000)
  object space 307712K, 21% used [0x00000000a0000000,0x00000000a415e6c0,0x00000000b2c80000)
 Metaspace       used 109724K, capacity 118206K, committed 118476K, reserved 1150976K
  class space    used 14651K, capacity 16292K, committed 16384K, reserved 1048576K
}

